<?xml version="1.0" encoding="UTF-8"?>
<testsuites>
    <testsuite name="force.apex" timestamp="2024-11-15T11:36:47+01:00" hostname="https://creative-shark-j0pki6-dev-ed.trailblaze.my.salesforce.com" tests="4" failures="0"  errors="0"  time="3.9">
        <properties>
            <property name="outcome" value="Passed"/>
            <property name="testsRan" value="4"/>
            <property name="passing" value="4"/>
            <property name="failing" value="0"/>
            <property name="skipped" value="0"/>
            <property name="passRate" value="100%"/>
            <property name="failRate" value="0%"/>
            <property name="testStartTime" value="Nov 15, 2024 11:36 AM"/>
            <property name="testExecutionTime" value="3.9 s"/>
            <property name="testTotalTime" value="3.9 s"/>
            <property name="commandTime" value="5.02 s"/>
            <property name="hostname" value="https://creative-shark-j0pki6-dev-ed.trailblaze.my.salesforce.com"/>
            <property name="orgId" value="00DQy00000FAIMQMA5"/>
            <property name="username" value="ludo024@creative-shark-j0pki6.com"/>
            <property name="testRunId" value="707Qy00000ETXAv"/>
            <property name="userId" value="005Qy000009WbvJIAS"/>
            <property name="testRunCoverage" value="100%"/>
            <property name="orgWideCoverage" value="48%"/>
        </properties>
        <testcase name="testMultipleOrders" classname="TestCalculMontant" time="0.6">
        </testcase>
        <testcase name="testNetAmountCalculation" classname="TestCalculMontant" time="0.57">
        </testcase>
        <testcase name="test" classname="TestUpdateAccountCA" time="1">
        </testcase>
        <testcase name="testWith101Orders" classname="TestUpdateAccountCA" time="1.74">
        </testcase>
    </testsuite>
</testsuites>
